<?xml version="1.0" encoding="utf-8" standalone="no"?>
<test-run id="0" runstate="Runnable" testcasecount="1" result="Passed" total="1" passed="1" failed="0" inconclusive="0" skipped="0" asserts="1" engine-version="3.11.1.0" clr-version="4.0.30319.42000" start-time="2020-05-02 14:46:03Z" end-time="2020-05-02 14:46:12Z" duration="9.423536">
  <command-line><![CDATA["C:\Program Files (x86)\NUnit.org\nunit-console\nunit3-console.exe"  GoogleSearchTest.dll]]></command-line>
  <test-suite type="Assembly" id="0-1002" name="GoogleSearchTest.dll" fullname="C:\study\TestProjects\TestProject.NetFramework\GoogleSearchTest\bin\Debug\GoogleSearchTest.dll" runstate="Runnable" testcasecount="1" result="Passed" start-time="2020-05-02 14:46:03Z" end-time="2020-05-02 14:46:12Z" duration="8.975477" total="1" passed="1" failed="0" warnings="0" inconclusive="0" skipped="0" asserts="1">
    <environment framework-version="3.12.0.0" clr-version="4.0.30319.42000" os-version="Microsoft Windows NT 10.0.18362.0" platform="Win32NT" cwd="C:\study\TestProjects\TestProject.NetFramework\GoogleSearchTest\bin\Debug" machine-name="EPUAKYIW3711" user="Oksana_Koval" user-domain="KYIV" culture="en-US" uiculture="en-US" os-architecture="x64" />
    <settings>
      <setting name="DisposeRunners" value="True" />
      <setting name="WorkDirectory" value="C:\study\TestProjects\TestProject.NetFramework\GoogleSearchTest\bin\Debug" />
      <setting name="ImageRuntimeVersion" value="4.0.30319" />
      <setting name="ImageTargetFrameworkName" value=".NETFramework,Version=v4.7.2" />
      <setting name="ImageRequiresX86" value="False" />
      <setting name="ImageRequiresDefaultAppDomainAssemblyResolver" value="False" />
      <setting name="RuntimeFramework" value="net-4.0" />
      <setting name="NumberOfTestWorkers" value="12" />
    </settings>
    <properties>
      <property name="_PID" value="21496" />
      <property name="_APPDOMAIN" value="domain-" />
    </properties>
    <test-suite type="TestSuite" id="0-1003" name="GoogleSearchTest" fullname="GoogleSearchTest" runstate="Runnable" testcasecount="1" result="Passed" start-time="2020-05-02 14:46:03Z" end-time="2020-05-02 14:46:12Z" duration="8.961073" total="1" passed="1" failed="0" warnings="0" inconclusive="0" skipped="0" asserts="1">
      <test-suite type="TestFixture" id="0-1000" name="Tests" fullname="GoogleSearchTest.Tests" classname="GoogleSearchTest.Tests" runstate="Runnable" testcasecount="1" result="Passed" start-time="2020-05-02 14:46:03Z" end-time="2020-05-02 14:46:12Z" duration="8.957567" total="1" passed="1" failed="0" warnings="0" inconclusive="0" skipped="0" asserts="1">
        <test-case id="0-1001" name="Test1" fullname="GoogleSearchTest.Tests.Test1" methodname="Test1" classname="GoogleSearchTest.Tests" runstate="Runnable" seed="160810431" result="Passed" start-time="2020-05-02 14:46:09Z" end-time="2020-05-02 14:46:12Z" duration="3.550239" asserts="1" />
      </test-suite>
    </test-suite>
  </test-suite>
</test-run>